\BOOKMARK [1][-]{section.1}{\376\377\000O\000b\000j\000e\000c\000t\000i\000f}{}% 1
\BOOKMARK [1][-]{section.2}{\376\377\000P\000r\000\351\000l\000i\000m\000i\000n\000a\000i\000r\000e\000s\000:\000\040\000n\000o\000t\000a\000t\000i\000o\000n\000s\000\040\000e\000t\000\040\000c\000o\000n\000v\000e\000n\000t\000i\000o\000n\000s}{}% 2
\BOOKMARK [2][-]{subsection.2.1}{\376\377\000C\000o\000n\000v\000e\000n\000t\000i\000o\000n\000s\000\040\000d\000e\000\040\000n\000o\000m\000m\000a\000g\000e}{section.2}% 3
\BOOKMARK [2][-]{subsection.2.2}{\376\377\000N\000o\000t\000a\000t\000i\000o\000n\000s\000\040\000m\000a\000t\000h\000\351\000m\000a\000t\000i\000q\000u\000e\000s\000\040\000g\000l\000o\000b\000a\000l\000e\000s}{section.2}% 4
\BOOKMARK [2][-]{subsection.2.3}{\376\377\000C\000o\000n\000v\000e\000n\000t\000i\000o\000n\000s\000\040\000d\000e\000\040\000p\000r\000o\000d\000u\000i\000t\000s\000\040\000e\000t\000\040\000p\000r\000o\000j\000e\000c\000t\000i\000o\000n\000s}{section.2}% 5
\BOOKMARK [2][-]{subsection.2.4}{\376\377\000C\000o\000n\000v\000e\000n\000t\000i\000o\000n\000s\000\040\000l\000o\000g\000i\000q\000u\000e\000s}{section.2}% 6
\BOOKMARK [1][-]{section.3}{\376\377\000L\000e\000c\000t\000u\000r\000e\000\040\000p\000a\000r\000\040\000\351\000t\000a\000p\000e\000s\000\040\000a\000v\000e\000c\000\040\000d\000e\000u\000x\000\040\000e\000x\000e\000m\000p\000l\000e\000s\000\040\000f\000i\000l\000\040\000r\000o\000u\000g\000e}{}% 7
\BOOKMARK [2][-]{subsection.3.1}{\376\377\000\311\000t\000a\000p\000e\000\040\0001\000\040\040\024\000\040\000P\000r\000o\000g\000r\000a\000m\000m\000e\000\040\000\040\000a\000u\000t\000o\000m\000a\000t\000e\000\040\000d\000e\000\040\000c\000o\000n\000t\000r\000\364\000l\000e}{section.3}% 8
\BOOKMARK [2][-]{subsection.3.2}{\376\377\000\311\000t\000a\000p\000e\000\040\0002\000\040\040\024\000\040\000S\000\351\000m\000a\000n\000t\000i\000q\000u\000e\000\040\000d\000e\000\040\000f\000l\000u\000x}{section.3}% 9
\BOOKMARK [2][-]{subsection.3.3}{\376\377\000\311\000t\000a\000p\000e\000\040\0003\000\040\040\024\000\040\000A\000u\000t\000o\000m\000a\000t\000e\000s\000\040\000d\000'\000h\000y\000p\000o\000t\000h\000\350\000s\000e\000\040\000e\000t\000\040\000d\000e\000\040\000g\000a\000r\000a\000n\000t\000i\000e}{section.3}% 10
\BOOKMARK [2][-]{subsection.3.4}{\376\377\000\311\000t\000a\000p\000e\000\040\0004\000\040\040\024\000\040\000P\000r\000o\000d\000u\000i\000t\000\040\000p\000r\000o\000g\000r\000a\000m\000m\000e\000\040\000A\000\040\000G}{section.3}% 11
\BOOKMARK [2][-]{subsection.3.5}{\376\377\000\311\000t\000a\000p\000e\000\040\0005\000\040\040\024\000\040\000O\000b\000l\000i\000g\000a\000t\000i\000o\000n\000s\000\040\000l\000o\000c\000a\000l\000e\000s\000\040\000p\000a\000r\000\040\000t\000r\000a\000n\000s\000i\000t\000i\000o\000n}{section.3}% 12
\BOOKMARK [2][-]{subsection.3.6}{\376\377\000\311\000t\000a\000p\000e\000\040\0006\000\040\040\024\000\040\000C\000a\000t\000\351\000g\000o\000r\000i\000e\000s\000\040\000d\000'\000o\000b\000l\000i\000g\000a\000t\000i\000o\000n\000s}{section.3}% 13
\BOOKMARK [2][-]{subsection.3.7}{\376\377\000\311\000t\000a\000p\000e\000\040\0007\000\040\040\024\000\040\000P\000o\000n\000t\000\040\000v\000e\000r\000s\000\040\000l\000'\000o\000u\000t\000i\000l\000\040\000e\000x\000t\000e\000r\000n\000e}{section.3}% 14
\BOOKMARK [2][-]{subsection.3.8}{\376\377\000\311\000t\000a\000p\000e\000\040\0008\000\040\040\024\000\040\000T\000h\000\351\000o\000r\000\350\000m\000e\000\040\000g\000l\000o\000b\000a\000l}{section.3}% 15
\BOOKMARK [1][-]{section.4}{\376\377\000N\000o\000t\000a\000t\000i\000o\000n\000s\000\040\000e\000t\000\040\000s\000t\000r\000u\000c\000t\000u\000r\000e\000s\000\040\000d\000e\000\040\000b\000a\000s\000e}{}% 16
\BOOKMARK [2][-]{subsection.4.1}{\376\377\000F\000l\000u\000x\000\040\000e\000t\000\040\000d\000o\000m\000a\000i\000n\000e\000s}{section.4}% 17
\BOOKMARK [2][-]{subsection.4.2}{\376\377\000A\000u\000t\000o\000m\000a\000t\000e\000\040\000d\000e\000\040\000p\000r\000o\000g\000r\000a\000m\000m\000e}{section.4}% 18
\BOOKMARK [2][-]{subsection.4.3}{\376\377\000E\000x\000e\000m\000p\000l\000e\000:\000\040\000r\000e\000t\000a\000r\000d\000\040\000d\000'\000u\000n\000e\000\040\000e\000n\000t\000r\000\351\000e\000\040\000d\000'\000u\000n\000\040\000p\000a\000s}{section.4}% 19
\BOOKMARK [2][-]{subsection.4.4}{\376\377\000E\000x\000\351\000c\000u\000t\000i\000o\000n\000\040\000d\000u\000\040\000p\000r\000o\000g\000r\000a\000m\000m\000e}{section.4}% 20
\BOOKMARK [1][-]{section.5}{\376\377\000A\000u\000t\000o\000m\000a\000t\000e\000s\000\040\000d\000e\000\040\000s\000\373\000r\000e\000t\000\351\000\040\000\050\000h\000y\000p\000o\000t\000h\000\350\000s\000e\000/\000g\000a\000r\000a\000n\000t\000i\000e\000\051}{}% 21
\BOOKMARK [2][-]{subsection.5.1}{\376\377\000V\000u\000e\000\040\000a\000r\000\352\000t\000e\000s\000\040\000\351\000t\000i\000q\000u\000e\000t\000\351\000e\000s}{section.5}% 22
\BOOKMARK [2][-]{subsection.5.2}{\376\377\000S\000\351\000m\000a\000n\000t\000i\000q\000u\000e\000\040\000d\000e\000s\000\040\000\351\000t\000a\000t\000s\000\040\000a\000u\000t\000o\000m\000a\000t\000e\000s\000\040\000s\000u\000r\000\040\000f\000l\000u\000x}{section.5}% 23
\BOOKMARK [1][-]{section.6}{\376\377\000A\000u\000t\000o\000m\000a\000t\000e\000\040\000p\000r\000o\000d\000u\000i\000t\000\040\000e\000t\000\040\000p\000a\000s\000\040\000l\000o\000c\000a\000u\000x}{}% 24
\BOOKMARK [2][-]{subsection.6.1}{\376\377\000\311\000t\000a\000t\000\040\000e\000t\000\040\000p\000a\000s\000\040\000d\000u\000\040\000p\000r\000o\000d\000u\000i\000t}{section.6}% 25
\BOOKMARK [2][-]{subsection.6.2}{\376\377\000P\000a\000s\000\040\000r\000\351\000a\000l\000i\000s\000\351\000\040\000a\000u\000\040\000t\000i\000c\000k\000\040\000k}{section.6}% 26
\BOOKMARK [1][-]{section.7}{\376\377\000O\000b\000l\000i\000g\000a\000t\000i\000o\000n\000s\000\040\000l\000o\000c\000a\000l\000e\000s\000\040\000e\000t\000\040\000o\000r\000a\000c\000l\000e}{}% 27
\BOOKMARK [2][-]{subsection.7.1}{\376\377\000C\000o\000n\000t\000e\000x\000t\000e\000\040\000l\000o\000c\000a\000l}{section.7}% 28
\BOOKMARK [2][-]{subsection.7.2}{\376\377\000O\000b\000l\000i\000g\000a\000t\000i\000o\000n\000\040\000g\000\351\000n\000\351\000r\000\351\000e\000\040\000p\000a\000r\000\040\000u\000n\000\040\000p\000a\000s\000\040\000p\000r\000o\000d\000u\000i\000t}{section.7}% 29
\BOOKMARK [2][-]{subsection.7.3}{\376\377\000G\000\351\000n\000\351\000r\000a\000t\000i\000o\000n\000\040\000r\000e\000l\000a\000t\000i\000o\000n\000n\000e\000l\000l\000e}{section.7}% 30
\BOOKMARK [2][-]{subsection.7.4}{\376\377\000O\000r\000a\000c\000l\000e}{section.7}% 31
\BOOKMARK [1][-]{section.8}{\376\377\000R\000\351\000s\000u\000l\000t\000a\000t\000s}{}% 32
\BOOKMARK [2][-]{subsection.8.1}{\376\377\000L\000e\000m\000m\000e\000s\000\040\000d\000e\000\040\000b\000a\000s\000e}{section.8}% 33
\BOOKMARK [2][-]{subsection.8.2}{\376\377\000D\000u\000\040\000g\000l\000o\000b\000a\000l\000\040\000a\000u\000\040\000l\000o\000c\000a\000l}{section.8}% 34
\BOOKMARK [2][-]{subsection.8.3}{\376\377\000C\000o\000u\000v\000e\000r\000t\000u\000r\000e\000\040\000p\000a\000r\000\040\000o\000b\000l\000i\000g\000a\000t\000i\000o\000n\000s}{section.8}% 35
\BOOKMARK [1][-]{section.9}{\376\377\000T\000h\000\351\000o\000r\000\350\000m\000e\000\040\000p\000r\000i\000n\000c\000i\000p\000a\000l}{}% 36
\BOOKMARK [1][-]{section.10}{\376\377\000T\000r\000a\000\347\000a\000b\000i\000l\000i\000t\000\351\000\040\000v\000e\000r\000s\000\040\000l\000e\000s\000\040\000m\000o\000d\000u\000l\000e\000s\000\040\000R\000o\000c\000q\000\040\000a\000c\000t\000u\000e\000l\000s}{}% 37
\BOOKMARK [2][-]{subsection.10.1}{\376\377\000S\000i\000g\000n\000a\000t\000u\000r\000e\000s\000\040\000c\000e\000n\000t\000r\000a\000l\000e\000s}{section.10}% 38
\BOOKMARK [2][-]{subsection.10.2}{\376\377\000N\000o\000y\000a\000u\000x\000\040\000d\000e\000\040\000c\000o\000r\000r\000e\000c\000t\000i\000o\000n}{section.10}% 39
\BOOKMARK [2][-]{subsection.10.3}{\376\377\000P\000o\000n\000t\000s\000\040\000a\000v\000e\000c\000\040\000l\000'\000i\000m\000p\000l\000\351\000m\000e\000n\000t\000a\000t\000i\000o\000n\000\040\000e\000x\000t\000e\000r\000n\000e}{section.10}% 40
\BOOKMARK [2][-]{subsection.10.4}{\376\377\000B\000l\000u\000e\000p\000r\000i\000n\000t\000\040\000d\000e\000\040\000r\000e\000f\000a\000c\000t\000o\000r\000i\000n\000g}{section.10}% 41
\BOOKMARK [1][-]{section.11}{\376\377\000R\000e\000m\000a\000r\000q\000u\000e\000s\000\040\000d\000e\000\040\000p\000o\000r\000t\000\351\000e}{}% 42
